Using pre-set license
Built from '2020.3/staging' branch; Version is '2020.3.20f1 (41c4e627c95f) revision 4310246'; Using compiler version '192528614'; Build Type 'Release'
OS: 'Windows 10 Pro; OS build 19042.1466; Version 2009; 64bit' Language: 'en' Physical Memory: 4008 MB
BatchMode: 1, IsHumanControllingUs: 0, StartBugReporterOnCrash: 0, Is64bit: 1, IsPro: 0

COMMAND LINE ARGUMENTS:
D:\Kuliah\SMT 7\Game Programming\2020.3.20f1\Editor\Unity.exe
-adb2
-batchMode
-noUpm
-name
AssetImportWorker2
-projectPath
D:/Kuliah/SMT 7/Game Programming/UTS_A11201811353
-logFile
Logs/AssetImportWorker2.log
-srvPort
50038
Successfully changed project path to: D:/Kuliah/SMT 7/Game Programming/UTS_A11201811353
D:/Kuliah/SMT 7/Game Programming/UTS_A11201811353
Using Asset Import Pipeline V2.
Refreshing native plugins compatible for Editor in 2457.78 ms, found 3 plugins.
Preloading 0 native plugins for Editor in 0.00 ms.
Initialize engine version: 2020.3.20f1 (41c4e627c95f)
[Subsystems] Discovering subsystems at path D:/Kuliah/SMT 7/Game Programming/2020.3.20f1/Editor/Data/Resources/UnitySubsystems
[Subsystems] Discovering subsystems at path D:/Kuliah/SMT 7/Game Programming/UTS_A11201811353/Assets
GfxDevice: creating device client; threaded=0
Direct3D:
    Version:  Direct3D 11.0 [level 11.1]
    Renderer: Intel(R) HD Graphics (ID=0x22b1)
    Vendor:   
    VRAM:     2004 MB
    Driver:   20.19.15.4531
Initialize mono
Mono path[0] = 'D:/Kuliah/SMT 7/Game Programming/2020.3.20f1/Editor/Data/Managed'
Mono path[1] = 'D:/Kuliah/SMT 7/Game Programming/2020.3.20f1/Editor/Data/MonoBleedingEdge/lib/mono/unityjit'
Mono config path = 'D:/Kuliah/SMT 7/Game Programming/2020.3.20f1/Editor/Data/MonoBleedingEdge/etc'
Using monoOptions --debugger-agent=transport=dt_socket,embedding=1,server=y,suspend=n,address=127.0.0.1:56716
Begin MonoManager ReloadAssembly
